<?xml version="1.0" encoding="UTF-8" ?>
<testsuites>
  <testsuite errors="0" failures="0" hostname="felipe-Inspiron-5420" id="0" name="LivroIntegrationSpec" package="test" skipped="0" tests="3" time="0.526" timestamp="2019-06-12T12:03:02">
      <properties />

      <testcase classname="test.LivroIntegrationSpec" name="Compra 1 livro" time="0.317" />

      <testcase classname="test.LivroIntegrationSpec" name="Comprando mais livros que a quantidade no estoque" time="0.043" />

      <testcase classname="test.LivroIntegrationSpec" name="Cosulta por autor" time="0.155" />

      <system-out><![CDATA[--Output from Compra 1 livro--
--Output from Comprando mais livros que a quantidade no estoque--
--Output from Cosulta por autor--
]]></system-out>

      <system-err><![CDATA[--Output from Compra 1 livro--
--Output from Comprando mais livros que a quantidade no estoque--
--Output from Cosulta por autor--
]]></system-err>

  </testsuite>
</testsuites>
